Using pre-set license
Built from '2020.3/staging' branch; Version is '2020.3.13f1 (71691879b7f5) revision 7432472'; Using compiler version '192528614'; Build Type 'Release'
OS: 'Windows 10 Pro; OS build 19043.1237; Version 2009; 64bit' Language: 'zh' Physical Memory: 16315 MB
BatchMode: 1, IsHumanControllingUs: 0, StartBugReporterOnCrash: 0, Is64bit: 1, IsPro: 0

 COMMAND LINE ARGUMENTS:
D:\3D\Unity Hub\Unity\Hub\Editor\2020.3.13f1\Editor\Unity.exe
-adb2
-batchMode
-noUpm
-name
AssetImportWorker0
-projectPath
D:/unity/20210919/Unity_TC_2D_2048_Hroizontal_20210919/2048_Hroizontal_20210919
-logFile
Logs/AssetImportWorker0.log
-srvPort
58960
Successfully changed project path to: D:/unity/20210919/Unity_TC_2D_2048_Hroizontal_20210919/2048_Hroizontal_20210919
D:/unity/20210919/Unity_TC_2D_2048_Hroizontal_20210919/2048_Hroizontal_20210919
Using Asset Import Pipeline V2.
Refreshing native plugins compatible for Editor in 39.20 ms, found 3 plugins.
Preloading 0 native plugins for Editor in 0.00 ms.
Initialize engine version: 2020.3.13f1 (71691879b7f5)
[Subsystems] Discovering subsystems at path D:/3D/Unity Hub/Unity/Hub/Editor/2020.3.13f1/Editor/Data/Resources/UnitySubsystems
[Subsystems] Discovering subsystems at path D:/unity/20210919/Unity_TC_2D_2048_Hroizontal_20210919/2048_Hroizontal_20210919/Assets
GfxDevice: creating device client; threaded=0
Direct3D:
    Version:  Direct3D 11.0 [level 11.1]
    Renderer: NVIDIA GeForce RTX 2060 (ID=0x1e89)
    Vendor:   
    VRAM:     5974 MB
    Driver:   30.0.14.7212
Initialize mono
Mono path[0] = 'D:/3D/Unity Hub/Unity/Hub/Editor/2020.3.13f1/Editor/Data/Managed'
Mono path[1] = 'D:/3D/Unity Hub/Unity/Hub/Editor/2020.3.13f1/Editor/Data/MonoBleedingEdge/lib/mono/unityjit'
Mono config path = 'D:/3D/Unity Hub/Unity/Hub/Editor/2020.3.13f1/Editor/Data/MonoBleedingEdge/etc'
Using monoOptions --debugger-agent=transport=dt_socket,embedding=1,server=y,suspend=n,address=127.0.0.1:56376
Begin MonoManager ReloadAssembly
Registering precompiled unity dll's ...
Register platform support module: D:/3D/Unity Hub/Unity/Hub/Editor/2020.3.13f1/Editor/Data/PlaybackEngines/WindowsStandaloneSupport/UnityEditor.WindowsStandalone.Extensions.dll
Register platform support module: D:/3D/Unity Hub/Unity/Hub/Editor/2020.3.13f1/Editor/Data/PlaybackEngines/LuminSupport/UnityEditor.Lumin.Extensions.dll
Registered in 0.002476 seconds.
Native extension for Lumin target not found
Native extension for WindowsStandalone target not found
Refreshing native plugins compatible for Editor in 38.06 ms, found 3 plugins.
Preloading 0 native plugins for Editor in 0.00 ms.
Mono: successfully reloaded assembly
- Completed reload, in  0.962 seconds
Platform modules already initialized, skipping
Registering precompiled user dll's ...
Registered in 0.003993 seconds.
Begin MonoManager ReloadAssembly
Native extension for Lumin target not found
Native extension for WindowsStandalone target not found
Refreshing native plugins compatible for Editor in 34.49 ms, found 3 plugins.
Preloading 0 native plugins for Editor in 0.00 ms.
Mono: successfully reloaded assembly
- Completed reload, in  0.932 seconds
Platform modules already initialized, skipping
========================================================================
Worker process is ready to serve import requests
Launched and connected shader compiler UnityShaderCompiler.exe after 0.05 seconds
Refreshing native plugins compatible for Editor in 0.74 ms, found 3 plugins.
Preloading 0 native plugins for Editor in 0.00 ms.
Unloading 2084 Unused Serialized files (Serialized files now loaded: 0)
System memory in use before: 96.1 MB.
System memory in use after: 96.0 MB.

Unloading 33 unused Assets to reduce memory usage. Loaded Objects now: 2517.
Total: 2.062600 ms (FindLiveObjects: 0.183600 ms CreateObjectMapping: 0.054500 ms MarkObjects: 1.706000 ms  DeleteObjects: 0.117100 ms)

AssetImportParameters requested are different than current active one (requested -> active):
  custom:framework-win-MediaFoundation: 216162199b28c13a410421893ffa2e32 -> 
  custom:video-decoder-ogg-theora: a1e56fd34408186e4bbccfd4996cb3dc -> 
  custom:container-muxer-webm: aa71ff27fc2769a1b78a27578f13a17b -> 
  custom:container-demuxer-webm: 4f35f7cbe854078d1ac9338744f61a02 -> 
  custom:container-demuxer-ogg: 62fdf1f143b41e24485cea50d1cbac27 -> 
  custom:video-encoder-webm-vp8: eb34c28f22e8b96e1ab97ce403110664 -> 
  custom:video-decoder-webm-vp8: 9c59270c3fd7afecdb556c50c9e8de78 -> 
  custom:audio-decoder-ogg-vorbis: bf7c407c2cedff20999df2af8eb42d56 -> 
  custom:audio-encoder-webm-vorbis: bf7c407c2cedff20999df2af8eb42d56 -> 
========================================================================
Received Import Request.
  path: Assets/場景
  artifactKey: Guid(897ea2e2e2a914641b09460980ed59a2) Importer(815301076,1909f56bfc062723c751e8b465ee728b)
Start importing Assets/場景 using Guid(897ea2e2e2a914641b09460980ed59a2) Importer(815301076,1909f56bfc062723c751e8b465ee728b)  -> (artifact id: '66915d21dc327971916146e79060a6c0') in 0.004701 seconds 
  Import took 0.007731 seconds .

========================================================================
Received Import Request.
  Time since last request: 1130.805383 seconds.
  path: Assets/場景/04_KID LOGO.png
  artifactKey: Guid(4c516440a430f9d4a919bc809c7453eb) Importer(815301076,1909f56bfc062723c751e8b465ee728b)
Start importing Assets/場景/04_KID LOGO.png using Guid(4c516440a430f9d4a919bc809c7453eb) Importer(815301076,1909f56bfc062723c751e8b465ee728b)  -> (artifact id: '618a72e23859d00ca90f9b6880c066d9') in 0.084735 seconds 
  Import took 0.088078 seconds .

========================================================================
Received Import Request.
  Time since last request: 47.465536 seconds.
  path: Assets/LOGO.png
  artifactKey: Guid(4c516440a430f9d4a919bc809c7453eb) Importer(815301076,1909f56bfc062723c751e8b465ee728b)
Start importing Assets/LOGO.png using Guid(4c516440a430f9d4a919bc809c7453eb) Importer(815301076,1909f56bfc062723c751e8b465ee728b)  -> (artifact id: 'e6d1d82a33c6895705977a151e816b29') in 0.018923 seconds 
  Import took 0.022270 seconds .

========================================================================
Received Import Request.
  Time since last request: 845.083257 seconds.
  path: Assets/bobo-logo.png
  artifactKey: Guid(5ad636783c8c22745b7488d5e095d312) Importer(815301076,1909f56bfc062723c751e8b465ee728b)
Start importing Assets/bobo-logo.png using Guid(5ad636783c8c22745b7488d5e095d312) Importer(815301076,1909f56bfc062723c751e8b465ee728b)  -> (artifact id: 'f831289fdccbf2fe7fcd451caeaa31cf') in 0.013025 seconds 
  Import took 0.016376 seconds .

========================================================================
Received Import Request.
  Time since last request: 83.800321 seconds.
  path: Assets/bobo-logo.png
  artifactKey: Guid(5ad636783c8c22745b7488d5e095d312) Importer(815301076,1909f56bfc062723c751e8b465ee728b)
Start importing Assets/bobo-logo.png using Guid(5ad636783c8c22745b7488d5e095d312) Importer(815301076,1909f56bfc062723c751e8b465ee728b)  -> (artifact id: 'a8dea0c8348549808595b997a33ccbf9') in 0.007462 seconds 
  Import took 0.010651 seconds .

========================================================================
Received Import Request.
  Time since last request: 50.263027 seconds.
  path: Assets/bobo-logo 1.png
  artifactKey: Guid(3264fa2c43fdb8f49ae162d0e759c93d) Importer(815301076,1909f56bfc062723c751e8b465ee728b)
Start importing Assets/bobo-logo 1.png using Guid(3264fa2c43fdb8f49ae162d0e759c93d) Importer(815301076,1909f56bfc062723c751e8b465ee728b)  -> (artifact id: '29a2f9d5a8d1302a6f63d7dc335a7ee3') in 0.016782 seconds 
  Import took 0.019982 seconds .

========================================================================
Received Import Request.
  Time since last request: 8.584608 seconds.
  path: Assets/bobo-logo.png
  artifactKey: Guid(3264fa2c43fdb8f49ae162d0e759c93d) Importer(815301076,1909f56bfc062723c751e8b465ee728b)
Start importing Assets/bobo-logo.png using Guid(3264fa2c43fdb8f49ae162d0e759c93d) Importer(815301076,1909f56bfc062723c751e8b465ee728b)  -> (artifact id: 'ffff9e1f5f05e178ae7343e5d4852352') in 0.016626 seconds 
  Import took 0.019808 seconds .

========================================================================
Received Import Request.
  Time since last request: 91.366908 seconds.
  path: Assets/背景.jpg
  artifactKey: Guid(6d736d1064a412d41ade374855c86f72) Importer(815301076,1909f56bfc062723c751e8b465ee728b)
Start importing Assets/背景.jpg using Guid(6d736d1064a412d41ade374855c86f72) Importer(815301076,1909f56bfc062723c751e8b465ee728b)  -> (artifact id: '820bbee7b8c1c3eb62867334ce705ede') in 0.018701 seconds 
  Import took 0.021889 seconds .

========================================================================
Received Import Request.
  Time since last request: 923.664035 seconds.
  path: Assets/Quicksilver Italic.ttf
  artifactKey: Guid(ec4103b56348a694b9d3aada5a1c3655) Importer(815301076,1909f56bfc062723c751e8b465ee728b)
Start importing Assets/Quicksilver Italic.ttf using Guid(ec4103b56348a694b9d3aada5a1c3655) Importer(815301076,1909f56bfc062723c751e8b465ee728b)  -> (artifact id: '57651365b04aca5e4221903496fa3edd') in 0.043011 seconds 
  Import took 0.046627 seconds .

AssetImportWorkerClient::OnTransportError - code=2 error=End of file
